<?xml version="1.0" encoding="UTF-8"?>
<!-- Generated by org.testng.reporters.JUnitXMLReporter -->
<testsuite ignored="0" hostname="DESKTOP-BN19SL4" failures="1" tests="2" name="Test" time="30.837" errors="0" timestamp="2021-02-02T17:17:31 IST">
  <testcase classname="Demo.testngDemo.qsp.Demo" name="@AfterMethod afterM" time="0.001">
    <failure type="java.lang.NullPointerException">
      <![CDATA[java.lang.NullPointerException
at Demo.testngDemo.qsp.Demo.afterM(Demo.java:47)
at java.base/java.util.ArrayList.forEach(ArrayList.java:1510)
... Removed 32 stack frames]]>
    </failure>
  </testcase> <!-- @AfterMethod afterM -->
  <testcase classname="Demo.testngDemo.qsp.Demo" name="@BeforeMethod beforeM" time="-1.612266451443E9">
    <skipped/>
  </testcase> <!-- @BeforeMethod beforeM -->
  <testcase classname="Demo.testngDemo.qsp.Demo" name="@AfterMethod afterM" time="-1.612266451464E9">
    <skipped/>
  </testcase> <!-- @AfterMethod afterM -->
  <testcase classname="Demo.testngDemo.qsp.Demo" name="tc_1" time="0.054">
    <failure type="java.lang.NullPointerException">
      <![CDATA[java.lang.NullPointerException
at Demo.testngDemo.qsp.Demo.tc_1(Demo.java:31)
at java.base/java.util.ArrayList.forEach(ArrayList.java:1510)
... Removed 27 stack frames]]>
    </failure>
  </testcase> <!-- tc_1 -->
  <testcase classname="Demo.testngDemo.qsp.Demo" name="tc_2" time="0.001">
    <skipped/>
  </testcase> <!-- tc_2 -->
</testsuite> <!-- Test -->
